<?xml version="1.0" encoding="UTF-8"?>
<testsuite xmlns:xsi="http://www.w3.org/2001/XMLSchema-instance" xsi:noNamespaceSchemaLocation="https://maven.apache.org/surefire/maven-surefire-plugin/xsd/surefire-test-report-3.0.xsd" version="3.0" name="AOSTabletTest" time="24.951" tests="2" errors="0" skipped="0" failures="0">
  <properties>
[...]
</properties>
  <testcase name="TestSpeakerLink" classname="AOSTabletTest" time="12.672">
    <system-out><![CDATA[*** set up ***
*** test ***
*** tear down ***
]]></system-out>
  </testcase>
  <testcase name="PopularItems" classname="AOSTabletTest" time="12.24">
    <system-out><![CDATA[*** set up ***
*** tear down ***
]]></system-out>
  </testcase>
</testsuite>